[    0.000000] Initializing cgroup subsys cpuset
[    0.000000] Initializing cgroup subsys cpu
[    0.000000] Initializing cgroup subsys cpuacct
[    0.000000] Linux version 4.4.0-128-generic (buildd@lcy01-amd64-019) (gcc version 5.4.0 20160609 (Ubuntu 5.4.0-6ubuntu1~16.04.9) ) #154-Ubuntu SMP Fri May 25 14:15:18 UTC 2018 (Ubuntu 4.4.0-128.154-generic 4.4.131)
[    0.000000] Command line: BOOT_IMAGE=/boot/vmlinuz-4.4.0-128-generic root=UUID=4b8f2060-4a02-4634-8bca-094b07c745ce ro console=tty1 consolettyy00

[    00000000] KEREE  uuported cpus:
[[   00.000000]   Intel GenuineIntel
[    0.000000]   AMD AuthenticAMD
[    0.000000]   Centaur CentaurHauls
[    0.000000] x86/fpu: xstate_offset[2]:  576, xstate_sizes[2]:  256
[    0.000000] x86/fpu: Supporting XSAVE feature 0x01: 'x87 floating point registers'
[    0.000000] x86/fpu: Supporting XSAVE feature 0x02: 'SSE registers'
[    0.000000] x86/fpu: Supporting XSAVE feature 0x04: 'AVX registers'
[    0.000000] x86/fpu: Enabled xstate features 0x7, context size is 832 bytes, using 'standard' format.
[    0.000000] x86/fpu: Using 'lazy' FPU context switches.
[    0.000000] e820: BIOS-provided physical RAM map:
[    0.000000] BIOS-e820: [mem 0x0000000000000000-0x000000000009fbff] usable
[    0.000000] BIOS-e820: [mem 0x000000000009fc00-0x000000000009ffff] reserved
[    0.000000] BIOS-e820: [mem 0x00000000000f0000-0x00000000000fffff] reserved
[    0.000000] BIOS-e820: [mem 0x0000000000100000-0x000000007ffeffff] usable
[    0.000000] BIOS-e820: [mem 0x000000007fff0000-0x000000007fffffff] ACPI data
[    0.000000] BIOS-e820: [mem 0x00000000fec00000-0x00000000fec00fff] reserved
[    0.000000] BIOS-e820: [mem 0x00000000fee00000-0x00000000fee00fff] reserved
[    0.000000] BIOS-e820: [mem 0x00000000fffc0000-0x00000000ffffffff] reserved
[    0.000000] NX (Execute Disable) protection: active
[    0.000000] SMBIOS 2.5 present.
[    0.000000] Hypervisor detected: KVM
[    0.000000] e820: last_pfn = 0x7fff0 max_arch_pfn = 0x400000000
[    0.000000] MTRR: Disabled
[    0.000000] x86/PAT: MTRRs disabled, skipping PAT initialization too.
[    0.000000] CPU MTRRs all blank - virtualized system.
[    0.000000] x86/PAT: Configuration [0-7]: WB  WT  UC- UC  WB  WT  UC- UC  
[    0.000000] found SMP MP-table at [mem 0x0009fff0-0x0009ffff] mapped at [ffff88000009fff0]
[    0.000000] Scanning 1 areas for low memory corruption
[    0.000000] RAMDISK: [mem 0x361ee000-0x370eefff]
[    0.000000] ACPI: Early table checksum verification disabled
[    0.000000] ACPI: RSDP 0x00000000000E0000 000024 (v02 VBOX  )
[    0.000000] ACPI: XSDT 0x000000007FFF0030 00003C (v01 VBOX   VBOXXSDT 00000001 ASL  00000061)
[    0.000000] ACPI: FACP 0x000000007FFF00F0 0000F4 (v04 VBOX   VBOXFACP 00000001 ASL  00000061)
[    0.000000] ACPI: DSDT 0x000000007FFF0470 0021FF (v02 VBOX   VBOXBIOS 00000002 INTL 20160108)
[    0.000000] ACPI: FACS 0x000000007FFF0200 000040
[    0.000000] ACPI: FACS 0x000000007FFF0200 000040
[    0.000000] ACPI: APIC 0x000000007FFF0240 000054 (v02 VBOX   VBOXAPIC 00000001 ASL  00000061)
[    0.000000] ACPI: SSDT 0x000000007FFF02A0 0001CC (v01 VBOX   VBOXCPUT 00000002 INTL 20160108)
[    0.000000] No NUMA configuration found
[    0.000000] Faking a node at [mem 0x0000000000000000-0x000000007ffeffff]
[    0.000000] NODE_DATA(0) allocated [mem 0x7ffeb000-0x7ffeffff]
[    0.000000] kvm-clock: Using msrs 4b564d01 and 4b564d00
[    0.000000] kvm-clock: cpu 0, msr 0:7ffe3001, primary cpu clock
[    0.000000] kvm-clock: using sched offset of 3439660219 cycles
[    0.000000] clocksource: kvm-clock: mask: 0xffffffffffffffff max_cycles: 0x1cd42e4dffb, max_idle_ns: 881590591483 ns
[    0.000000] Zone ranges:
[    0.000000]   DMA      [mem 0x0000000000001000-0x0000000000ffffff]
[    0.000000]   DMA32    [mem 0x0000000001000000-0x000000007ffeffff]
[    0.000000]   Normal   empty
[    0.000000]   Device   empty
[    0.000000] Movable zone start for each node
[    0.000000] Early memory node ranges
[    0.000000]   node   0: [mem 0x0000000000001000-0x000000000009efff]
[    0.000000]   node   0: [mem 0x0000000000100000-0x000000007ffeffff]
[    0.000000] Initmem setup node 0 [mem 0x0000000000001000-0x000000007ffeffff]
[    0.000000] ACPI: PM-Timer IO Port: 0x4008
[    0.000000] IOAPIC[0]: apic_id 1, version 32, address 0xfec00000, GSI 0-23
[    0.000000] ACPI: INT_SRC_OVR (bus 0 bus_irq 0 global_irq 2 dfl dfl)
[    0.000000] ACPI: INT_SRC_OVR (bus 0 bus_irq 9 global_irq 9 low level)
[    0.000000] Using ACPI (MADT) for SMP configuration information
[    0.000000] smpboot: Allowing 1 CPUs, 0 hotplug CPUs
[    0.000000] PM: Registered nosave memory: [mem 0x00000000-0x00000fff]
[    0.000000] PM: Registered nosave memory: [mem 0x0009f000-0x0009ffff]
[    0.000000] PM: Registered nosave memory: [mem 0x000a0000-0x000effff]
[    0.000000] PM: Registered nosave memory: [mem 0x000f0000-0x000fffff]
[    0.000000] e820: [mem 0x80000000-0xfebfffff] available for PCI devices
[    0.000000] Booting paravirtualized kernel on KVM
[    0.000000] clocksource: refined-jiffies: mask: 0xffffffff max_cycles: 0xffffffff, max_idle_ns: 7645519600211568 ns
[    0.000000] setup_percpu: NR_CPUS:512 nr_cpumask_bits:512 nr_cpu_ids:1 nr_node_ids:1
[    0.000000] PERCPU: Embedded 34 pages/cpu @ffff88007fc00000 s99544 r8192 d31528 u2097152
[    0.000000] PV qspinlock hash table entries: 256 (order: 0, 4096 bytes)
[    0.000000] Built 1 zonelists in Node order, mobility grouping on.  Total pages: 515960
[    0.000000] Policy zone: DMA32
[    0.000000] Kernel command line: BOOT_IMAGE=/boot/vmlinuz-4.4.0-128-generic root=UUID=4b8f2060-4a02-4634-8bca-094b07c745ce ro console=tty1 console=ttyS0
[    0.000000] PID hash table entries: 4096 (order: 3, 32768 bytes)
[    0.000000] Memory: 2029484K/2096696K available (8541K kernel code, 1313K rwdata, 4000K rodata, 1512K init, 1316K bss, 67212K reserved, 0K cma-reserved)
[    0.000000] SLUB: HWalign=64, Order=0-3, MinObjects=0, CPUs=1, Nodes=1
[    0.000000] Kernel/User page tables isolation: enabled
[    0.000000] Hierarchical RCU implementation.
[    0.000000] 	Build-time adjustment of leaf fanout to 64.
[    0.000000] 	RCU restricting CPUs from NR_CPUS=512 to nr_cpu_ids=1.
[    0.000000] RCU: Adjusting geometry for rcu_fanout_leaf=64, nr_cpu_ids=1
[    0.000000] NR_IRQS:33024 nr_irqs:256 16
[    0.000000] Console: colour VGA+ 80x25
[    0.000000] console [tty1] enabled
[    0.000000] console [ttyS0] enabled
[    0.000000] tsc: Detected 2594.106 MHz processor
[    0.410181] Calibrating delay loop (skipped) preset value.. 5188.21 BogoMIPS (lpj=10376424)
[    0.411738] pid_max: default: 32768 minimum: 301
[    0.412571] ACPI: Core revision 20150930
[    0.414348] ACPI: 2 ACPI AML tables successfully acquired and loaded
[    0.415583] Security Framework initialized
[    0.416344] Yama: becoming mindful.
[    0.417035] AppArmor: AppArmor initialized
[    0.418457] Dentry cache hash table entries: 262144 (order: 9, 2097152 bytes)
[    0.419985] Inode-cache hash table entries: 131072 (order: 8, 1048576 bytes)
[    0.421767] Mount-cache hash table entries: 4096 (order: 3, 32768 bytes)
[    0.428581] Mountpoint-cache hash table entries: 4096 (order: 3, 32768 bytes)
[    0.429924] Initializing cgroup subsys io
[    0.430690] Initializing cgroup subsys memory
[    0.431491] Initializing cgroup subsys devices
[    0.432303] Initializing cgroup subsys freezer
[    0.433119] Initializing cgroup subsys net_cls
[    0.433957] Initializing cgroup subsys perf_event
[    0.434804] Initializing cgroup subsys net_prio
[    0.435649] Initializing cgroup subsys hugetlb
[    0.436447] Initializing cgroup subsys pids
[    0.439414] CPU: Physical Processor ID: 0
[    0.440184] mce: CPU supports 0 MCE banks
[    0.440951] process: using mwait in idle threads
[    0.441810] Last level iTLB entries: 4KB 512, 2MB 8, 4MB 8
[    0.442759] Last level dTLB entries: 4KB 512, 2MB 32, 4MB 32, 1GB 0
[    0.443790] Spectre V2 : Mitigation: Full generic retpoline
[    0.444740] Spectre V2 : Speculation control IBPB not-supported IBRS not-supported
[    0.445962] Speculative Store Bypass: Vulnerable
[    0.472643] Freeing SMP alternatives memory: 32K
[    0.498017] ftraee  lllocating 32236 entries in 126 pages
[    0.656368] smpboot: APIC(0) Converting physical 0 to logical package 0
[    0.657543] smpboot: Max logical packages: 1
[    0.658646] x2apic enabled
[    0.659449] Switched APIC routing to physical x2apic.
[    0.674102] ..TIMER: vector=0x30 apic1=0 pin1=2 apic2=-1 pin2=-1
[    0.781878] smpboot: CPU0: Intel(R) Core(TM) i5-2540M CPU @ 2.60GHz (family: 0x6, model: 0x2a, stepping: 0x7)
[    0.808037] Performance Events: unsupported p6 CPU model 42 no PMU driver, software events only.
[    0.811175] KVM setup paravirtual spinlock
[    0.812887] x86: Booted up 1 node, 1 CPUs
[    0.814830] smpboot: Total of 1 processors activated (5188.21 BogoMIPS)
[    0.833316] devtmpfs: initialized
[    0.837043] evm: security.selinux
[    0.838160] evm: security.SMACK64
[    0.839223] evm: security.SMACK64EXEC
[    0.840288] evm: security.SMACK64TRANSMUTE
[    0.841437] evm: security.SMACK64MMAP
[    0.842541] evm: security.ima
[    0.843492] evm: security.capability
[    0.844811] clocksource: jiffies: mask: 0xffffffff max_cycles: 0xffffffff, max_idle_ns: 7645041785100000 ns
[    0.850294] futex hash table entries: 256 (order: 2, 16384 bytes)
[    0.852233] pinctrl core: initialized pinctrl subsystem
[    0.853970] RTC time: 19:37:29, date: 06/14/18
[    0.855416] NET: Registered protocol family 16
[    0.856920] cpuidle: using governor ladder
[    0.858194] cpuidle: using governor menu
[    0.859484] PCCT header not found.
[    0.860716] ACPI: bus type PCI registered
[    0.862107] acpiphp: ACPI Hot Plug PCI Controller Driver version: 0.5
[    0.866483] PCI: Using configuration type 1 for base access
[    0.870417] ACPI: Added _OSI(Module Device)
[    0.871724] ACPI: Added _OSI(Processor Device)
[    0.873051] ACPI: Added _OSI(3.0 _SCP Extensions)
[    0.874293] ACPI: Added _OSI(Processor Aggregator Device)
[    0.876799] ACPI: Executed 1 blocks of module-level executable AML code
[    0.889765] ACPI: Interpreter enabled
[    0.890961] ACPI: (supports S0 S5)
[    0.892074] ACPI: Using IOAPIC for interrupt routing
[    0.893836] PCI: Using host bridge windows from ACPI; if necessary, use "pci=nocrs" and report a bug
[    0.905493] ACPI: PCI Root Bridge [PCI0] (domain 0000 [bus 00-ff])
[    0.915939] acpi PNP0A03:00: _OSC: OS supports [ASPM ClockPM Segments MSI]
[    0.917938] acpi PNP0A03:00: _OSC: not requesting OS control; OS requires [ExtendedConfig ASPM ClockPM MSI]
[    0.920719] acpi PNP0A03:00: fail to add MMCONFIG information, can't access extended PCI configuration space under this bridge.
[    0.924230] PCI host bridge to bus 0000:00
[    0.925437] pci_bus 0000:00: root bus resource [io  0x0000-0x0cf7 window]
[    0.935005] pci_bus 0000:00: root bus resource [io  0x0d00-0xffff window]
[    0.936857] pci_bus 0000:00: root bus resource [mem 0x000a0000-0x000bffff window]
[    0.939099] pci_bus 0000:00: root bus resource [mem 0x80000000-0xfdffffff window]
[    0.941303] pci_bus 0000:00: root bus resource [bus 00-ff]
[    0.945224] pci 0000:00:01.1: legacy IDE quirk: reg 0x10: [io  0x01f0-0x01f7]
[    0.948471] pci 0000:00:01.1: legacy IDE quirk: reg 0x14: [io  0x03f6]
[    0.950669] pci 0000:00:01.1: legacy IDE quirk: reg 0x18: [io  0x0170-0x0177]
[    0.952515] pci 0000:00:01.1: legacy IDE quirk: reg 0x1c: [io  0x0376]
[    0.994255] pci 0000:00:07.0: quirk: [io  0x4000-0x403f] claimed by PIIX4 ACPI
[    1.027125] pci 0000:00:07.0: quirk: [io  0x4100-0x410f] claimed by PIIX4 SMB
[    1.048095] ACPI: PCI Interrupt Link [LNKA] (IRQs 5 9 10 *11)
[    1.052193] ACPI: PCI Interrupt Link [LNKB] (IRQs 5 9 *10 11)
[    1.055971] ACPI: PCI Interrupt Link [LNKC] (IRQs 5 *9 10 11)
[    1.058631] ACPI: PCI Interrupt Link [LNKD] (IRQs 5 9 10 *11)
[    1.068986] ACPI: Enabled 2 GPEs in block 00 to 07
[    1.077910] vgaarb: setting as boot device: PCI:0000:00:02.0
[    1.081080] vgaarb: device added: PCI:0000:00:02.0,decodes=io+mem,owns=io+mem,locks=none
[    1.085809] vgaarb: loaded
[    1.087202] vgaarb: bridge control possible 0000:00:02.0
[    1.089234] SCSI subsystem initialized
[    1.090786] ACPI: bus type USB registered
[    1.092467] usbcore: registered new interface driver usbfs
[    1.094609] usbcore: registered new interface driver hub
[    1.096145] usbcore: registered new device driver usb
[    1.097957] PCI: Using ACPI for IRQ routing
[    1.107634] NetLabel: Initializing
[    1.108347] NetLabel:  domain hash size = 128
[    1.109165] NetLabel:  protocols = UNLABELED CIPSOv4
[    1.110171] NetLabel:  unlabeled traffic allowed by default
[    1.125882] amd_nb: Cannot enumerate AMD northbridges
[    1.129133] clocksource: Switched to clocksource kvm-clock
[    1.145021] AppArmor: AppArmor Filesystem Enabled
[    1.146847] pnp: PnP ACPI init
[    1.149309] pnp: PnP ACPI: found 3 devices
[    1.156738] clocksource: acpi_pm: mask: 0xffffff max_cycles: 0xffffff, max_idle_ns: 2085701024 ns
[    1.158956] NET: Registered protocol family 2
[    1.160241] TCP established hash table entries: 16384 (order: 5, 131072 bytes)
[    1.162374] TCP bind hash table entries: 16384 (order: 6, 262144 bytes)
[    1.164847] TCP: Hash tables configured (established 16384 bind 16384)
[    1.186435] UDP hash table entries: 1024 (order: 3, 32768 bytes)
[    1.187476] UDP-Lite hash table entries: 1024 (order: 3, 32768 bytes)
[    1.188580] NET: Registered protocol family 1
[    1.189393] pci 0000:00:00.0: Limiting direct PCI/PCI transfers
[    1.190443] pci 0000:00:01.0: Activating ISA DMA hang workarounds
[    1.191612] Unpacking initramfs...
[    1.487700] Freeing initrd memory: 15364K
[    1.506253] RAPL PMU detected, API unit is 2^-32 Joules, 3 fixed counters 10737418240 ms ovfl timer
[    1.507829] hw unit of domain pp0-core 2^-0 Joules
[    1.508678] hw unit of domain package 2^-0 Joules
[    1.509541] hw unit of domain pp1-gpu 2^-0 Joules
[    1.510604] platform rtc_cmos: registered platform RTC device (no PNP device found)
[    1.512797] Scanning for low memory corruption every 60 seconds
[    1.514869] audit: initializing netlink subsys (disabled)
[    1.537372] audit: type=2000 audit(1529005053.946:1): initialized
[    1.539231] Initialise system trusted keyring
[    1.540309] HugeTLB registered 2 MB page size, pre-allocated 0 pages
[    1.542786] zbud: loaded
[    1.543778] VFS: Disk quotas dquot_6.6.0
[    1.544875] VFS: Dquot-cache hash table entries: 512 (order 0, 4096 bytes)
[    1.546386] squashfs: version 4.0 (2009/01/31) Phillip Lougher
[    1.547867] fuse init (API version 7.23)
[    1.586446] Key type big_key registered
[    1.587462] Allocating IMA MOK and blacklist keyrings.
[    1.588672] Key type asymmetric registered
[    1.589447] Asymmetric key parser 'x509' registered
[    1.590404] Block layer SCSI generic (bsg) driver version 0.4 loaded (major 249)
[    1.591791] io scheduler noop registered
[    1.592589] io scheduler deadline registered (default)
[    1.593516] io scheduler cfq registered
[    1.616144] pci_hotplug: PCI Hot Plug PCI Core version: 0.5
[    1.617125] pciehp: PCI Express Hot Plug Controller Driver version: 0.4
[    1.618403] ACPI: AC Adapter [AC] (off-line)
[    1.636255] input: Power Button as /devices/LNXSYSTM:00/LNXPWRBN:00/input/input0
[    1.638088] ACPI: Power Button [PWRF]
[    1.638908] input: Sleep Button as /devices/LNXSYSTM:00/LNXSLPBN:00/input/input1
[    1.640243] ACPI: Sleep Button [SLPF]
[    1.641660] ACPI: Battery Slot [BAT0] (battery present)
[    1.646107] GHES: HEST is not enabled!
[    1.656230] Serial: 8250/16550 driver, 32 ports, IRQ sharing enabled
[    1.679273] 00:02: ttyS0 at I/O 0x3f8 (irq = 4, base_baud = 115200) is a 16550A
[    1.682698] Linux agpgart interface v0.103
[    1.684749] loop: module loaded
[    1.686650] scsi host0: ata_piix
[    1.687651] scsi host1: ata_piix
[    1.688367] ata1: PATA max UDMA/33 cmd 0x1f0 ctl 0x3f6 bmdma 0xd000 irq 14
[    1.689472] ata2: PATA max UDMA/33 cmd 0x170 ctl 0x376 bmdma 0xd008 irq 15
[    1.691173] libphy: Fixed MDIO Bus: probed
[    1.691936] tun: Universal TUN/TAP device driver, 1.6
[    1.692807] tun: (C) 1999-2004 Max Krasnyansky <maxk@qualcomm.com>
[    1.693934] PPP generic driver version 2.4.2
[    1.699588] ehci_hcd: USB 2.0 'Enhanced' Host Controller (EHCI) Driver
[    1.700705] ehci-pci: EHCI PCI platform driver
[    1.701572] ehci-platform: EHCI generic platform driver
[    1.702708] ohci_hcd: USB 1.1 'Open' Host Controller (OHCI) Driver
[    1.755892] ohci-pci: OHCI PCI platform driver
[    1.766254] ohci-platform: OHCI generic platform driver
[    1.767244] uhci_hcd: USB Universal Host Controller Interface driver
[    1.768364] i8042: PNP: PS/2 Controller [PNP0303:PS2K,PNP0f03:PS2M] at 0x60,0x64 irq 1,12
[    1.770993] serio: i8042 KBD port at 0x60,0x64 irq 1
[    1.771955] serio: i8042 AUX port at 0x60,0x64 irq 12
[    1.772983] mousedev: PS/2 mouse device common for all mice
[    1.774248] input: AT Translated Set 2 keyboard as /devices/platform/i8042/serio0/input/input2
[    1.776155] rtc_cmos rtc_cmos: rtc core: registered rtc_cmos as rtc0
[    1.796769] rtc_cmos rtc_cmos: alarms up to one day, 114 bytes nvram
[    1.825870] i2c /dev entries driver
[    1.856187] device-mapper: uevent: version 1.0.3
[    1.857288] device-mapper: ioctl: 4.34.0-ioctl (2015-10-28) initialised: dm-devel@redhat.com
[    1.859219] ledtrig-cpu: registered to indicate activity on CPUs
[    1.860838] NET: Registered protocol family 10
[    1.862366] NET: Registered protocol family 17
[    1.866302] Key type dns_resolver registered
[    1.867611] registered taskstats version 1
[    1.868617] Loading compiled-in X.509 certificates
[    1.870804] Loaded X.509 cert 'Build time autogenerated kernel key: fc7b57a7df019f2655f66a8a374d74ee8f4999fc'
[    1.872614] zswap: loaded using pool lzo/zbud
[    1.875502] Key type trusted registered
[    1.880637] Key type encrypted registered
[    1.896557] AppArmor: AppArmor sha1 policy hashing enabled
[    1.916425] ima: No TPM chip found, activating TPM-bypass!
[    1.917400] evm: HMAC attrs: 0x1
[    1.918329]   Magic number: 6:648:647
[    1.919063] scsi_host host1: hash matches
[    1.920076] scsi host1: hash matches
[    1.922466] acpi LNXCPU:00: hash matches
[    1.923412] rtc_cmos rtc_cmos: setting system clock to 2018-06-14 19:37:30 UTC (1529005050)
[    1.936539] BIOS EDD facility v0.16 2004-Jun-25, 0 devices found
[    1.937997] EDD information not available.
[    1.946966] Freeing unused kernel memory: 1512K
[    1.977206] Write protecting the kernel read-only data: 14336k
[    1.979101] Freeing unused kernel memory: 1688K
[    1.980931] Freeing unused kernel memory: 96K
Loading, please wait...
starting version 229
[    1.999887] random: udevadm: uninitialized urandom read (16 bytes read, 2 bits of entropy available)
[    2.004618] random: systemd-udevd: uninitialized urandom read (16 bytes read, 2 bits of entropy available)
[    2.017208] random: udevadm: uninitialized urandom read (16 bytes read, 2 bits of entropy available)
[    2.024953] random: systemd-udevd: uninitialized urandom read (16 bytes read, 2 bits of entropy available)
[    2.043337] random: systemd-udevd: uninitialized urandom read (16 bytes read, 2 bits of entropy available)
[    2.089405] random: udevadm: uninitialized urandom read (16 bytes read, 2 bits of entropy available)
[    2.091267] random: udevadm: uninitialized urandom read (16 bytes read, 2 bits of entropy available)
[    2.096325] random: udevadm: uninitialized urandom read (16 bytes read, 2 bits of entropy available)
[    2.106384] random: udevadm: uninitialized urandom read (16 bytes read, 2 bits of entropy available)
[    2.108073] random: udevadm: uninitialized urandom read (16 bytes read, 2 bits of entropy available)
[    2.261296] e1000: Intel(R) PRO/1000 Network Driver - version 7.3.21-k8-NAPI
[    2.285887] e1000: Copyright (c) 1999-2006 Intel Corporation.
[    2.291425] Fusion MPT base driver 3.04.20
[    2.316154] Copyright (c) 1999-2008 LSI Corporation
[    2.379482] AVX version of gcm_enc/dec engaged.
[    2.386298] AES CTR mode by8 optimization enabled
[    2.426632] Fusion MPT SPI Host driver 3.04.20
[    2.512326] tsc: Refined TSC clocksource calibration: 2595.484 MHz
[    2.576228] clocksource: tsc: mask: 0xffffffffffffffff max_cycles: 0x256991ece50, max_idle_ns: 440795247684 ns
[    2.579164] input: ImExPS/2 Generic Explorer Mouse as /devices/platform/i8042/serio1/input/input4
[    2.841294] e1000 0000:00:03.0 eth0: (PCI:33MHz:32-bit) 02:ee:24:bb:8a:f6
[    2.858508] e1000 0000:00:03.0 eth0: Intel(R) PRO/1000 Network Connection
[    2.861593] e1000 0000:00:03.0 enp0s3: renamed from eth0
[    2.864172] mptbase: ioc0: Initiating bringup
[    2.926018] ioc0: LSI53C1030 A0: Capabilities={Initiator}
[    3.110132] scsi host2: ioc0: LSI53C1030 A0, FwRev=00000000h, Ports=1, MaxQ=256, IRQ=20
[    3.227584] scsi 2:0:0:0: Direct-Access     VBOX     HARDDISK         1.0  PQ: 0 ANSI: 5
[    3.235239] scsi target2:0:0: Beginning Domain Validation
[    3.241716] scsi target2:0:0: Domain Validation skipping write tests
[    3.251536] scsi target2:0:0: Ending Domain Validation
[    3.252761] scsi target2:0:0: asynchronous
[    3.254217] scsi 2:0:1:0: Direct-Access     VBOX     HARDDISK         1.0  PQ: 0 ANSI: 5
[    3.256181] scsi target2:0:1: Beginning Domain Validation
[    3.258212] scsi target2:0:1: Domain Validation skipping write tests
[    3.259764] scsi target2:0:1: Ending Domain Validation
[    3.276194] scsi target2:0:1: asynchronous
[    3.281777] sd 2:0:0:0: Attached scsi generic sg0 type 0
[    3.283320] sd 2:0:0:0: [sda] 20971520 512-byte logical blocks: (10.7 GB/10.0 GiB)
[    3.286377] sd 2:0:1:0: [sdb] 20480 512-byte logical blocks: (10.5 MB/10.0 MiB)
[    3.288832] sd 2:0:1:0: Attached scsi generic sg1 type 0
[    3.290865] sd 2:0:1:0: [sdb] Write Protect is off
[    3.291902] sd 2:0:0:0: [sda] Write Protect is off
[    3.292896] sd 2:0:0:0: [sda] Incomplete mode parameter data
[    3.316323] sd 2:0:0:0: [sda] Assuming drive cache: write through
[    3.318119] sd 2:0:1:0: [sdb] Incomplete mode parameter data
[    3.346039] sd 2:0:1:0: [sdb] Assuming drive cache: write through
[    3.348407]  sda: sda1
[    3.349522] sd 2:0:0:0: [sda] Attached SCSI disk
[    3.351891] sd 2:0:1:0: [sdb] Attached SCSI disk
Begin: Loading e[    4.705565] md: linear personality registered for level -1
ssential drivers ... [    4.750947] md: multipath personality registered for level -4
[    4.779669] md: raid0 personality registered for level 0
[    4.840756] md: raid1 personality registered for level 1
[    4.925337] raid6: sse2x1   gen()  9423 MB/s
[    5.095356] raid6: sse2x1   xor()  7081 MB/s
[    5.175359] raid6: sse2x2   gen() 11583 MB/s
[    5.255359] raid6: sse2x2   xor()  8280 MB/s
[    5.375348] raid6: sse2x4   gen() 13389 MB/s
[    5.475414] raid6: sse2x4   xor()  8889 MB/s
[    5.506064] raid6: using algorithm sse2x4 gen() 13389 MB/s
[    5.526223] raid6: .... xor() 8889 MB/s, rmw enabled
[    5.527154] raid6: using ssse3x2 recovery algorithm
[    5.530824] xor: automatically using best checksumming function:
[    5.605330]    avx       : 42580.000 MB/sec
[    5.608915] async_tx: api initialized (async)
[    5.625913] md: raid6 personality registered for level 6
[    5.627164] md: raid5 personality registered for level 5
[    5.628297] md: raid4 personality registered for level 4
[    5.636851] md: raid10 personality registered for level 10
done.
Begin: Running /scripts/init-premount ... done.
Begin: Mounting root file system ... Begin: Running /scripts/local-top ... done.
Begin: Running /scripts/local-premount ... [    5.675589] Btrfs loaded
Scanning for Btrfs filesystems
done.
Warning: fsck no[    5.719387] EXT4-fs (sda1): mounted filesystem with ordered data mode. Opts: (null)
t present, so skipping root file system
done.
Begin: Running /scripts/local-bottom ... done.
Begin: Running /scripts/init-bottom ... done.
[    5.901504] systemd[1]: systemd 229 running in system mode. (+PAM +AUDIT +SELINUX +IMA +APPARMOR +SMACK +SYSVINIT +UTMP +LIBCRYPTSETUP +GCRYPT +GNUTLS +ACL +XZ -LZ4 +SECCOMP +BLKID +ELFUTILS +KMOD -IDN)
[    5.905445] systemd[1]: Detected virtualization oracle.
[    5.906622] systemd[1]: Detected architecture x86-64.

Welcome to [1mUbuntu 16.04.4 LTS[0m!

[    5.911804] systemd[1]: Set hostname to <ubuntu-xenial>.
[    6.105990] systemd[1]: Listening on udev Control Socket.
[[0;32m  OK  [0m] Listening on udev Control Socket.
[    6.157494] systemd[1]: Listening on /dev/initctl Compatibility Named Pipe.
[[0;32m  OK  [0m] Listening on /dev/initctl Compatibility Named Pipe.
[    6.167574] systemd[1]: Reached target Encrypted Volumes.
[[0;32m  OK  [0m] Reached target Encrypted Volumes.
[    6.187983] systemd[1]: Reached target Swap.
[[0;32m  OK  [0m] Reached target Swap.
[    6.190269] systemd[1]: Reached target User and Group Name Lookups.
[[0;32m  OK  [0m] Reached target User and Group Name Lookups.
[    6.193307] systemd[1]: Listening on Journal Socket (/dev/log).
[[0;32m  OK  [0m] Listening on Journal Socket (/dev/log).
[    6.196186] systemd[1]: Listening on udev Kernel Socket.
[[0;32m  OK  [0m] Listening on udev Kernel Socket.
[    6.199243] systemd[1]: Created slice User and Session Slice.
[[0;32m  OK  [0m] Created slice User and Session Slice.
[    6.202338] systemd[1]: Created slice System Slice.
[[0;32m  OK  [0m] Created slice System Slice.
[    6.204829] systemd[1]: Reached target Slices.
[[0;32m  OK  [0m] Reached target Slices.
[    6.207214] systemd[1]: Reached target System Time Synchronized.
[[0;32m  OK  [0m] Reached target System Time Synchronized.
[    6.210146] systemd[1]: Listening on Device-mapper event daemon FIFOs.
[[0;32m  OK  [0m] Listening on Device-mapper event daemon FIFOs.
[    6.213303] systemd[1]: Set up automount Arbitrary Executable File Formats File System Automount Point.
[[0;32m  OK  [0m] Set up automount Arbitrary Executab...ats File System Automount Point.
[    6.217538] systemd[1]: Created slice system-serial\x2dgetty.slice.
[[0;32m  OK  [0m] Created slice system-serial\x2dgetty.slice.
[    6.220378] systemd[1]: Started Forward Password Requests to Wall Directory Watch.
[[0;32m  OK  [0m] Started Forward Password Requests to Wall Directory Watch.
[    6.223823] systemd[1]: Listening on Journal Audit Socket.
[[0;32m  OK  [0m] Listening on Journal Audit Socket.
[    6.226475] systemd[1]: Listening on Journal Socket.
[[0;32m  OK  [0m] Listening on Journal Socket.
[    6.231004] systemd[1]: Starting Load Kernel Modules...
         Starting Load Kernel Modules...
[    6.234190] systemd[1]: Starting Create list of required static device nodes for the current kernel...
         Starting Create list of required st... nodes for the current kernel...
[    6.243621] systemd[1]: Starting Uncomplicated firewall...
[    6.252343] Loading iSCSI transport class v2.0-870.
         Starting Uncomplicated firewall...
[    6.259325] systemd[1]: Starting Set console keymap...
         Starting Set console keymap...
[    6.264929] systemd[1]: Mounting Huge Pages File System...
         Mounting Huge Pages File System...
[    6.287100] systemd[1]: Starting Remount Root and Kernel File Systems...
         Starting Remount Root and Kernel File Systems...
[    6.299654] systemd[1]: Mounting POSIX Message Queue File System...
         Mounting POSIX Message Queue File System...
[    6.307663] systemd[1]: Mounting Debug File System...
         [    6.309823] iscsi: registered transport (tcp)
Mounting Debug F[    6.320747] EXT4-fs (sda1): re-mounted. Opts: (null)
ile System...
[    6.357520] systemd[1]: Starting Nameserver information manager...
         Starting Nameserver information manager...
[    6.359650] systemd[1]: Listening on LVM2 poll daemon socket.
[[0;32m  OK  [0m] Listening on LVM2 poll daemon socket.
[    6.365542] systemd[1]: Listening on LVM2 metadata daemon socket.
[[0;32m  OK  [0m] Listening on LVM2 metadata daemon socket.
[    6.369635] systemd[1]: Starting Monitoring of LVM2 mirrors, snapshots etc. using dmeventd or progress polling...
         Starting Monitoring of LVM2 mirrors... dmeventd or progress polling...
[    6.373332] systemd[1]: Started Trigger resolvconf update for networkd DNS.
[[0;32m  OK  [0m] Started Trigger resolvconf update for networkd DNS.
[    6.376852] systemd[1]: Listening on Syslog Socket.
[[0;32m  OK  [0m] Listening on Syslog Socket.
[    6.379786] systemd[1]: Starting Journal Service...
         Starting Journal Service...
[    6.384506] systemd[1]: Mounted POSIX Message Queue File System.
[[0;32m  OK  [0m] Mounted POSIX Message Queue File System.
[    6.505834] systemd[1]: Mounted Debug File System.
[[0;32m  OK  [0m] Mounted Debug File System.
[    6.507875] systemd[1]: Mounted Huge Pages File System.
[[0;32m  OK  [0m] Mounted Huge Pages File System.
[    6.510067] systemd[1]: Started Journal Service.
[[0;32m  OK  [0m] Started Journal Service.
[[0;32m  OK  [0[    6.529351] iscsi: registered transport (iser)
m] Started Create list of required sta...ce nodes for the current kernel.
[[0;32m  OK  [0m] Started Uncomplicated firewall.
[[0;32m  OK  [0m] Started Remount Root and Kernel File Systems.
[[0;32m  OK  [0m] Started Load Kernel Modules.
[[0;32m  OK  [0m] Started Set console keymap.
[[0;32m  OK  [0m] Started Nameserver information manager.
[[0;32m  OK  [0m] Started LVM2 metadata daemon.
         Mounting FUSE Control File System...
         Starting Apply Kernel Variables...
         Starting Initial cloud-init job (pre-networking)...
         Starting Load/Save Random Seed...
         Starting udev Coldplug all Devices...
         Starting Create Static Device Nodes in /dev...
         Starting Flush Journal to Persistent Storage...
[[0;32m  OK  [0m] Mounted FUSE Control File System.
[[0;32m  OK  [0m] Started Apply Kernel Variables.
[[0;32m  OK  [0m] Started Load/Save Random Seed.
[[0;32m  OK  [0m] Started Create Static Device Nodes in /dev.
[[0;32m  OK  [0m] Started Flush Journal to Persistent Storage.
[[0;32m  OK  [0m] Started Monitoring of LVM2 mirrors,...ng dmeventd or progress polling.
         Starting udev Kernel Device Manager...
[[0;32m  OK  [0m] Started udev Coldplug all Devices.
[[0;32m  OK  [0m] Started udev Kernel Device Manager.
[[0;32m  OK  [0m] Started Dispatch Password Requests to Console Directory Watch.
[[0;32m  OK  [0m] Reached target Local File Systems (Pre).
         Mounting Mount unit for core...
         Mounting Mount unit for kubectl...
[[0;32m  OK  [0m] Reached target Local File Systems.
         Starting Tell Plymouth To Write Out Runtime Data...
         Starting Set console font and keymap...
         Starting Create Volatile Files and Directories...
         Starting LSB: AppArmor initialization...
         Mounting Mount unit for kubectl...
         Mounting Mount unit for core...
[[0;32m  OK  [0m] Mounted Mount unit for kubectl.
[[0;32m  OK  [0m] Mounted Mount unit for kubectl.
[[0;32m  OK  [0m] Mounted Mount unit for core.
[[0;32m  OK  [0m] Started Tell Plymouth To Write Out Runtime Data.
[[0;32m  OK  [0m] Started Create Volatile Files and Directories.
[[0;32m  OK  [0m] Mounted Mount unit for core.
         Starting Update UTMP about System Boot/Shutdown...
[[0;32m  OK  [0m] Started Update UTMP about System Boot/Shutdown.
[[0;32m  OK  [0m] Found device /dev/ttyS0.
[[0;32m  OK  [0m] Started LSB: AppArmor initialization.
[[0;32m  OK  [0m] Started Set console font and keymap.
[[0;32m  OK  [0m] Created slice system-getty.slice.
[[0;32m  OK  [0m] Found device 82540EM Gigabit Ethern...r (PRO/1000 MT Desktop Adapter).
[    8.034542] cloud-init[455]: Cloud-init v. 18.2 running 'init-local' at Thu, 14 Jun 2018 19:37:36 +0000. Up 7.47 seconds.
[[0;32m  OK  [0m] Started Initial cloud-init job (pre-networking).
[[0;32m  OK  [0m] Reached target Network (Pre).
[[0;32m  OK  [0m] Started ifup for enp0s3.
         Starting Raise network interfaces...
[[0;32m  OK  [0m] Listening on Load/Save RF Kill Switch Status /dev/rfkill Watch.
[[0;32m  OK  [0m] Started Raise network interfaces.
         Starting Initial cloud-init job (metadata service crawler)...
[[0;32m  OK  [0m] Reached target Network.
[    9.934643] cloud-init[1033]: Cloud-init v. 18.2 running 'init' at Thu, 14 Jun 2018 19:37:38 +0000. Up 9.55 seconds.
[    9.937129] cloud-init[1033]: ci-info: +++++++++++++++++++++++++++++++++++++Net device info++++++++++++++++++++++++++++++++++++++
[    9.944436] cloud-init[1033]: ci-info: +--------+------+----------------------------+---------------+-------+-------------------+
[   10.008750] cloud-init[1033]: ci-info: | Device |  Up  |          Address           |      Mask     | Scope |     Hw-Address    |
[[0;32m  OK  [0m] Started Initial cloud-init job (metadata service crawler).
[[0;32m  OK  [0m] Reached target Cloud-config availability.
[   10.014325] cloud-init[1033]: ci-info: +--------+------+----------------------------+---------------+-------+-------------------+
[[0;32m  OK  [0m] Reached target System Initialization.
[   10.021551] cloud-init[1033]: ci-info: | enp0s3 | True |         10.0.2.15          | 255.255.255.0 |   .   | 02:ee:24:bb:8a:f6 |
[[0;32m  OK  [0m] Started ACPI Events Check.
[[0;32m  OK  [0m] Reached target Paths.
[   10.024113] [[0;32m  OK  [0m] Started Daily apt download activities.
[[0;32m  OK  [0m] Listening on UUID daemon activation socket.
cloud-init[1033]: ci-info: | enp0s3 | True | fe80::ee:24ff:febb:8af6/64 |       .       |  link | 02:ee:24:bb:8a:f6 |
         Starting LXD - unix socket.
[   10.031652] [[0;32m  OK  [0m] Listening on D-Bus System Message Bus Socket.
[[0;32m  OK  [0m] Started Daily Cleanup of Temporary Directories.
[[0;32m  OK  [0m] Listening on ACPID Listen Socket.
         Starting Socket activation for snappy daemon.
cloud-init[1033]: ci-info: |   lo   | True |         127.0.0.1          |   255.0.0.0   |   .   |         .         |
[   10.037402] cloud-init[1033]: ci-info: |   lo   | True |          ::1/128           |       .       |  host |         .         |
[   10.038963] cloud-init[1033]: ci-info: +--------+------+----------------------------+---------------+-------+-------------------+[[0;32m  OK  [0m] Started Daily apt upgrade and clean activities.
[[0;32m  OK  [0m] Reached target Timers.
[[0;32m  OK  [0m] Reached target Network is Online.
[   10.044293] cloud-init[1033]: ci-info: +++++++++++++++++++++++++++Route IPv4 info++++++++++++++++++++++++++++
[   10.045636] cloud-init[1033]: ci-info: +-------+-------------+----------+---------------+-----------+-------+
[   10.046966] cloud-init[1033]: ci-info: | Route | Destination | Gateway  |    Genmask    | Interface | Flags |
         Starting iSCSI initiator daemon (iscsid)...
[[0;32m  OK  [0m] Listening on LXD - unix socket.
[   10.052799] cloud-init[1033]: ci-info: +-------+-------------+----------+---------------+-----------+-------+
[   10.054300] cloud-init[1033]: ci-info: |   0   |   0.0.0.0   | 10.0.2.2 |    0.0.0.0    |   enp0s3  |   UG  |
[   10.055827] cloud-init[1033]: ci-info: |   1   |   10.0.2.0  | 0.0.0.0  | 255.255.255.0 |   enp0s3  |   U   |
[   10.057237] cloud-init[1033]: ci-info: +-------+-------------+----------+---------------+-----------+-------+

[[0;32m  OK  [0m] Listening on Socket activation for snappy daemon.
[[0;32m  OK  [0m] Started iSCSI initiator daemon (iscsid).
         Starting Login to default iSCSI targets...
[[0;32m  OK  [0m] Reached target Sockets.
[[0;32m  OK  [0m] Reached target Basic System.
         Starting LSB: Record successful boot for GRUB...
[[0;32m  OK  [0m] Started Unattended Upgrades Shutdown.
[[0;32m  OK  [0m] Started Regular background program processing daemon.
[[0;32m  OK  [0m] Started D-Bus System Message Bus.
         Starting /etc/rc.local Compatibility...
         Starting Login Service...
[[0;32m  OK  [0m] Started FUSE filesystem for LXC.
         Starting Virtualbox guest utils...
         Starting OpenBSD Secure Shell server...
         Starting Apply the settings specified in cloud-config...
         Starting Snappy daemon...
         Starting System Logging Service...
         Starting LSB: MD monitoring daemon...
[[0;32m  OK  [0m] Started ACPI event daemon.
[[0;32m  OK  [0m] Started Deferred execution scheduler.
         Starting Accounts Service...
         Starting LXD - container startup/shutdown...
[[0;32m  OK  [0m] Started OpenBSD Secure Shell server.
[[0;32m  OK  [0m] Started /etc/rc.local Compatibility.
[[0;32m  OK  [0m] Started System Logging Service.
[[0;32m  OK  [0m] Started Login to default iSCSI targets.
[[0;32m  OK  [0m] Started LSB: Record successful boot for GRUB.
[[0;32m  OK  [0m] Started Login Service.
         Starting Authenticate and Authorize Users to Run Privileged Tasks...
[[0;32m  OK  [0m] Reached target Remote File Systems (Pre).
[[0;32m  OK  [0m] Reached target Remote File Systems.
         Starting LSB: daemon to balance interrupts for SMP systems...
         Starting LSB: Set the CPU Frequency Scaling governor to "ondemand"...
         Starting LSB: automatic crash report generation...
         Starting Permit User Sessions...
[[0;32m  OK  [0m] Started Permit User Sessions.
[[0;32m  OK  [0m] Started LSB: MD monitoring daemon.
         Starting Terminate Plymouth Boot Screen...
         Starting Hold until boot process finishes up...
[[0;32m  OK  [0m] Started Terminate Plymouth Boot Screen.
[[0;32m  OK  [0m] Started Hold until boot process finishes up.
[[0;32m  OK  [0m] Started LXD - container startup/shutdown.
         Starting Set console scheme...
[[0;32m  OK  [0m] Started Serial Getty on ttyS0.
[[0;32m  OK  [0m] Started Getty on tty1.
[[0;32m  OK  [0m] Reached target Login Prompts.
[[0;32m  OK  [0m] Started Set console scheme.
[[0;32m  OK  [0m] Started Authenticate and Authorize Users to Run Privileged Tasks.
[[0;32m  OK  [0m] Started Accounts Service.
[[0;32m  OK  [0m] Started LSB: Set the CPU Frequency Scaling governor to "ondemand".
[[0;32m  OK  [0m] Started LSB: daemon to balance interrupts for SMP systems.
[[0;32m  OK  [0m] Started LSB: automatic crash report generation.
[[0;32m  OK  [0m] Started Virtualbox guest utils.
[[0;32m  OK  [0m] Created slice User Slice of vagrant.
         Starting User Manager for UID 1000...
[[0;32m  OK  [0m] Started Session 1 of user vagrant.
[[0;32m  OK  [0m] Started User Manager for UID 1000.
[[0;32m  OK  [0m] Started Snappy daemon.
[[0;32m  OK  [0m] Reached target Multi-User System.
[[0;32m  OK  [0m] Reached target Graphical Interface.
         Starting Update UTMP about System Runlevel Changes...
[[0;32m  OK  [0m] Started Update UTMP about System Runlevel Changes.
[   11.902674] cloud-init[1127]: Cloud-init v. 18.2 running 'modules:config' at Thu, 14 Jun 2018 19:37:40 +0000. Up 11.44 seconds.
[[0;32m  OK  [0m] Started Apply the settings specified in cloud-config.
         Starting Execute cloud user/final scripts...
[   13.262940] cloud-init[1322]: Cloud-init v. 18.2 running 'modules:final' at Thu, 14 Jun 2018 19:37:42 +0000. Up 12.96 seconds.
[   13.355476] cloud-init[1322]: Cloud-init v. 18.2 finished at Thu, 14 Jun 2018 19:37:42 +0000. Datasource DataSourceNoCloud [seed=/dev/sdb][dsmode=net].  Up 13.24 seconds
[[0;32m  OK  [0m] Started Execute cloud user/final scripts.
[[0;32m  OK  [0m] Reached target Cloud-init target.

Ubuntu 16.04.4 LTS ubuntu-xenial ttyS0

ubuntu-xenial login: [[0;32m  OK  [0m] Stopped target Timers.
[[0;32m  OK  [0m] Closed Load/Save RF Kill Switch Status /dev/rfkill Watch.
         Stopping ACPI event daemon...
         Stopping User Manager for UID 1000...
         Stopping Session 3 of user vagrant.
[[0;32m  OK  [0m] Stopped target Cloud-init target.
[[0;32m  OK  [0m] Stopped target Graphical Interface.
         Stopping Accounts Service...
         Stopping Authenticate and Authorize Users to Run Privileged Tasks...
[[0;32m  OK  [0m] Stopped Execute cloud user/final scripts.
[[0;32m  OK  [0m] Stopped target Multi-User System.
         Stopping Unattended Upgrades Shutdown...
         Stopping LSB: MD monitoring daemon...
         Stopping LSB: Set the CPU Frequency Scaling governor to "ondemand"...
         Stopping Virtualbox guest utils...
         Stopping Deferred execution scheduler...
         Stopping Regular background program processing daemon...
         Stopping LSB: automatic crash report generation...
         Stopping LSB: Record successful boot for GRUB...
         Stopping D-Bus System Message Bus...
         Stopping OpenBSD Secure Shell server...
         Stopping LSB: daemon to balance interrupts for SMP systems...
[[0;32m  OK  [0m] Stopped target Login Prompts.
         Stopping Serial Getty on ttyS0...
         Stopping Getty on tty1...
         Stopping FUSE filesystem for LXC...
[[0;32m  OK  [0m] Stopped Apply the settings specified in cloud-config.
[[0;32m  OK  [0m] Stopped target Cloud-config availability.
         Stopping System Logging Service...
        S[[0;32m  OK  [0m] Unmounted /var/lib/lxcfs.
[[0;32m  OK  [0m] Stopped Regular background program processing daemon.
[[0;32m  OK  [0m] Stopped OpenBSD Secure Shell server.
[[0;32m  OK  [0m] Stopped Snappy daemon.
[[0;32m  OK  [0m] Stopped System Logging Service.
[[0;32m  OK  [0m] Stopped ACPI event daemon.
[[0;32m  OK  [0m] Stopped Deferred execution scheduler.
[[0;32m  OK  [0m] Stopped Accounts Service.
[[0;32m  OK  [0m] Stopped Authenticate and Authorize Users to Run Privileged Tasks.
[[0;32m  OK  [0m] Stopped Serial Getty on ttyS0.
[[0;32m  OK  [0m] Stopped Getty on tty1.
[[0;32m  OK  [0m] Stopped User Manager for UID 1000.
[[0;32m  OK  [0m] Stopped Unattended Upgrades Shutdown.
[[0;32m  OK  [0m] Stopped D-Bus System Message Bus.
[[0;32m  OK  [0m] Stopped Session 3 of user vagrant.
[[0;32m  OK  [0m] Stopped FUSE filesystem for LXC.
[[0;32m  OK  [0m] Stopped LXD - container startup/shutdown.
[[0;32m  OK  [0m] Stopped LSB: Set the CPU Frequency Scaling governor to "ondemand".
[[0;32m  OK  [0m] Stopped LSB: MD monitoring daemon.
[[0;32m  OK  [0m] Stopped Virtualbox guest utils.
[[0;32m  OK  [0m] Stopped LSB: automatic crash report generation.
[[0;32m  OK  [0m] Stopped LSB: daemon to balance interrupts for SMP systems.
[[0;32m  OK  [0m] Stopped LSB: Record successful boot for GRUB.
[[0;32m  OK  [0m] Removed slice User Slice of vagrant.
         Stopping Login Service...
[[0;32m  OK  [0m] Removed slice system-getty.slice.
[[0;32m  OK  [0m] Removed slice system-serial\x2dgetty.slice.
[[0;32m  OK  [0m] Stopped /etc/rc.local Compatibility.
         Stopping Permit User Sessions...
         Unmounting Mount unit for core...
         Unmounting Mount unit for kubectl...
         Unmounting Mount unit for kubectl...
         Unmounting Mount unit for core...
[[0;32m  OK  [0m] Stopped Login Service.
[[0;32m  OK  [0m] Stopped Permit User Sessions.
[[0;32m  OK  [0m] Unmounted Mount unit for core.
[[0;32m  OK  [0m] Unmounted Mount unit for kubectl.
[[0;32m  OK  [0m] Unmounted Mount unit for core.
[[0;32m  OK  [0m] Unmounted Mount unit for kubectl.
[[0;32m  OK  [0m] Stopped target Remote File Systems.
[[0;32m  OK  [0m] Stopped target Remote File Systems (Pre).
         Stopping Login to default iSCSI targets...
[[0;32m  OK  [0m] Stopped target Basic System.
[[0;32m  OK  [0m] Stopped target Sockets.
[[0;32m  OK  [0m] Closed LXD - unix socket.
[[0;32m  OK  [0m] Closed Syslog Socket.
[[0;32m  OK  [0m] Closed Socket activation for snappy daemon.
[[0;32m  OK  [0m] Closed ACPID Listen Socket.
[[0;32m  OK  [0m] Closed UUID daemon activation socket.
[[0;32m  OK  [0m] Closed D-Bus System Message Bus Socket.
[[0;32m  OK  [0m] Stopped target Paths.
[[0;32m  OK  [0m] Stopped Dispatch Password Requests to Console Directory Watch.
[[0;32m  OK  [0m] Stopped ACPI Events Check.
[[0;32m  OK  [0m] Stopped Forward Password Requests to Wall Directory Watch.
[[0;32m  OK  [0m] Stopped target Slices.
[[0;32m  OK  [0m] Stopped target System Initialization.
[[0;32m  OK  [0m] Stopped Create Volatile Files and Directories.
[[0;32m  OK  [0m] Stopped target Swap.
[[0;32m  OK  [0m] Stopped target Encrypted Volumes.
         Stopping Load/Save Random Seed...
[[0;32m  OK  [0m] Stopped target User and Group Name Lookups.
[[0;32m  OK  [0m] Removed slice User and Session Slice.
[[0;32m  OK  [0m] Stopped Load/Save Random Seed.
[[0;32m  OK  [0m] Stopped Login to default iSCSI targets.
         Stopping iSCSI initiator daemon (iscsid)...
[[0;32m  OK  [0m] Stopped iSCSI initiator daemon (iscsid).
[[0;32m  OK  [0m] Stopped target Network is Online.
[[0;32m  OK  [0m] Stopped target Network.
[[0;32m  OK  [0m] Stopped Initial cloud-init job (metadata service crawler).
         Stopping Raise network interfaces...
[[0;32m  OK  [0m] Stopped Raise network interfaces.
[[0;32m  OK  [0m] Stopped target Local File Systems.
         Unmounting /run/user/1000...
         Unmounting /vagrant...
[[0;32m  OK  [0m] Stopped target Network (Pre).
[[0;32m  OK  [0m] Stopped Initial cloud-init job (pre-networking).
[[0;32m  OK  [0m] Stopped Apply Kernel Variables.
[[0;32m  OK  [0m] Stopped Load Kernel Modules.
[[0;32m  OK  [0m] Unmounted /run/user/1000.
[[0;32m  OK  [0m] Unmounted /vagrant.
[[0;32m  OK  [0m] Reached target Unmount All Filesystems.
[[0;32m  OK  [0m] Stopped target Local File Systems (Pre).
[[0;32m  OK  [0m] Stopped Remount Root and Kernel File Systems.
         Stopping Monitoring of LVM2 mirrors... dmeventd or progress polling...
[[0;32m  OK  [0m] Stopped Create Static Device Nodes in /dev.
[[0;32m  OK  [0m] Reached target Shutdown.
[ 1750.529433] reboot: Power down
